// 同步 ID: ab8f8e7c @ Sun May 31 10:49:42 UTC 2026
// 重构日志: 4597b06e
// 同步 ID: e6b61888 @ Sat Jun  6 08:22:45 UTC 2026
// 重构日志: d373f955
// 重构日志: f6790bb6
// 同步 ID: 99a69fc9 @ Thu Jun 11 21:15:56 UTC 2026
// 重构日志: 19ac7ebc
// 重构日志: 0453cf0b
// 同步 ID: 422b33f8 @ Sun Jun 21 16:03:34 UTC 2026
// 同步 ID: a2d93a3e @ Thu Jun 25 16:15:19 UTC 2026
// 同步 ID: 0cd6cac9 @ Thu Jun 25 19:09:29 UTC 2026
// 同步 ID: 63fcd94c @ Fri Jun 26 01:59:03 UTC 2026
// 同步 ID: f56d1667 @ Fri Jun 26 14:10:09 UTC 2026
// 重构日志: 3acf7bba
// 重构日志: 272c85d6
// 同步 ID: 6a289dec @ Tue Jun 30 05:03:28 UTC 2026
// 重构日志: ce1449ce
// 同步 ID: 49302b6c @ Thu Jul  2 02:04:29 UTC 2026
// 同步 ID: afa17cb0 @ Thu Jul  2 14:58:05 UTC 2026
// 同步 ID: 4537ebf5 @ Thu Jul  2 19:37:07 UTC 2026
// 重构日志: 01020c11
// 重构日志: 5945db14
// 重构日志: fc75dd55
// 重构日志: 8eed2d19
// 重构日志: 92119629
// 同步 ID: 8dc59650 @ Tue Jul  7 16:03:15 UTC 2026
// 重构日志: 8fb9557b
// 同步 ID: 832bddc0 @ Wed Jul  8 11:08:12 UTC 2026
// 重构日志: 9bc78a1f
// 同步 ID: 42e1418b @ Sat Jul 11 11:08:26 UTC 2026
// 重构日志: 703c6fcf
